# JRE version: Java(TM) SE Runtime Environment (8.0_45-b14) (build 1.8.0_45-b14)
# Java VM: Java HotSpot(TM) 64-Bit Server VM (25.45-b02 mixed mode windows-amd64 compressed oops)
Heap:
 PSYoungGen      total 76288K, used 27744K [0x000000076af80000, 0x0000000770480000, 0x00000007c0000000)
  eden space 65536K, 42% used [0x000000076af80000,0x000000076ca98090,0x000000076ef80000)
  from space 10752K, 0% used [0x000000076ef80000,0x000000076ef80000,0x000000076fa00000)
  to   space 10752K, 0% used [0x000000076fa00000,0x000000076fa00000,0x0000000770480000)
 ParOldGen       total 110080K, used 1973K [0x00000006c0e00000, 0x00000006c7980000, 0x000000076af80000)
  object space 110080K, 1% used [0x00000006c0e00000,0x00000006c0fed4f0,0x00000006c7980000)
 Metaspace       used 15965K, capacity 16198K, committed 16384K, reserved 1064960K
  class space    used 1924K, capacity 1997K, committed 2048K, reserved 1048576K
GC Heap History (4 events):
Event: 0.490 GC heap before
{Heap before GC invocations=1 (full 0):
 PSYoungGen      total 76288K, used 10486K [0x000000076af80000, 0x0000000770480000, 0x00000007c0000000)
  eden space 65536K, 16% used [0x000000076af80000,0x000000076b9bdb10,0x000000076ef80000)
  from space 10752K, 0% used [0x000000076fa00000,0x000000076fa00000,0x0000000770480000)
  to   space 10752K, 0% used [0x000000076ef80000,0x000000076ef80000,0x000000076fa00000)
 ParOldGen       total 175104K, used 0K [0x00000006c0e00000, 0x00000006cb900000, 0x000000076af80000)
  object space 175104K, 0% used [0x00000006c0e00000,0x00000006c0e00000,0x00000006cb900000)
 Metaspace       used 11206K, capacity 11412K, committed 11520K, reserved 1062912K
  class space    used 1437K, capacity 1514K, committed 1536K, reserved 1048576K
Event: 0.497 GC heap after
Heap after GC invocations=1 (full 0):
 PSYoungGen      total 76288K, used 2102K [0x000000076af80000, 0x0000000770480000, 0x00000007c0000000)
  eden space 65536K, 0% used [0x000000076af80000,0x000000076af80000,0x000000076ef80000)
  from space 10752K, 19% used [0x000000076ef80000,0x000000076f18da58,0x000000076fa00000)
  to   space 10752K, 0% used [0x000000076fa00000,0x000000076fa00000,0x0000000770480000)
 ParOldGen       total 175104K, used 8K [0x00000006c0e00000, 0x00000006cb900000, 0x000000076af80000)
  object space 175104K, 0% used [0x00000006c0e00000,0x00000006c0e02000,0x00000006cb900000)
 Metaspace       used 11206K, capacity 11412K, committed 11520K, reserved 1062912K
  class space    used 1437K, capacity 1514K, committed 1536K, reserved 1048576K
}
Event: 0.497 GC heap before
{Heap before GC invocations=2 (full 1):
 PSYoungGen      total 76288K, used 2102K [0x000000076af80000, 0x0000000770480000, 0x00000007c0000000)
  eden space 65536K, 0% used [0x000000076af80000,0x000000076af80000,0x000000076ef80000)
  from space 10752K, 19% used [0x000000076ef80000,0x000000076f18da58,0x000000076fa00000)
  to   space 10752K, 0% used [0x000000076fa00000,0x000000076fa00000,0x0000000770480000)
 ParOldGen       total 175104K, used 8K [0x00000006c0e00000, 0x00000006cb900000, 0x000000076af80000)
  object space 175104K, 0% used [0x00000006c0e00000,0x00000006c0e02000,0x00000006cb900000)
 Metaspace       used 11206K, capacity 11412K, committed 11520K, reserved 1062912K
  class space    used 1437K, capacity 1514K, committed 1536K, reserved 1048576K
Event: 0.508 GC heap after
Heap after GC invocations=2 (full 1):
 PSYoungGen      total 76288K, used 0K [0x000000076af80000, 0x0000000770480000, 0x00000007c0000000)
  eden space 65536K, 0% used [0x000000076af80000,0x000000076af80000,0x000000076ef80000)
  from space 10752K, 0% used [0x000000076ef80000,0x000000076ef80000,0x000000076fa00000)
  to   space 10752K, 0% used [0x000000076fa00000,0x000000076fa00000,0x0000000770480000)
 ParOldGen       total 110080K, used 1973K [0x00000006c0e00000, 0x00000006c7980000, 0x000000076af80000)
  object space 110080K, 1% used [0x00000006c0e00000,0x00000006c0fed4f0,0x00000006c7980000)
 Metaspace       used 11206K, capacity 11412K, committed 11520K, reserved 1060864K
  class space    used 1437K, capacity 1514K, committed 1536K, reserved 1048576K
}

